Determining if the pthread_create exist failed with the following output:
Change Dir: /home/skiline11/Pulpit/Studia/prog_wsp/2017-18/duze2/Zad2/pobrane-pliki/adorators-files-MojeRozwiazanie/ab123456/build/CMakeFiles/CMakeTmp

Run Build Command:"/usr/bin/make" "cmTC_d95f5/fast"
/usr/bin/make -f CMakeFiles/cmTC_d95f5.dir/build.make CMakeFiles/cmTC_d95f5.dir/build
make[1]: Wejście do katalogu '/home/skiline11/Pulpit/Studia/prog_wsp/2017-18/duze2/Zad2/pobrane-pliki/adorators-files-MojeRozwiazanie/ab123456/build/CMakeFiles/CMakeTmp'
Building C object CMakeFiles/cmTC_d95f5.dir/CheckSymbolExists.c.o
/usr/bin/cc    -o CMakeFiles/cmTC_d95f5.dir/CheckSymbolExists.c.o   -c /home/skiline11/Pulpit/Studia/prog_wsp/2017-18/duze2/Zad2/pobrane-pliki/adorators-files-MojeRozwiazanie/ab123456/build/CMakeFiles/CMakeTmp/CheckSymbolExists.c
Linking C executable cmTC_d95f5
/usr/bin/cmake -E cmake_link_script CMakeFiles/cmTC_d95f5.dir/link.txt --verbose=1
/usr/bin/cc      -rdynamic CMakeFiles/cmTC_d95f5.dir/CheckSymbolExists.c.o  -o cmTC_d95f5 
CMakeFiles/cmTC_d95f5.dir/CheckSymbolExists.c.o: In function `main':
CheckSymbolExists.c:(.text+0x16): undefined reference to `pthread_create'
collect2: error: ld returned 1 exit status
CMakeFiles/cmTC_d95f5.dir/build.make:97: polecenia dla obiektu 'cmTC_d95f5' nie powiodły się
make[1]: *** [cmTC_d95f5] Błąd 1
make[1]: Opuszczenie katalogu '/home/skiline11/Pulpit/Studia/prog_wsp/2017-18/duze2/Zad2/pobrane-pliki/adorators-files-MojeRozwiazanie/ab123456/build/CMakeFiles/CMakeTmp'
Makefile:126: polecenia dla obiektu 'cmTC_d95f5/fast' nie powiodły się
make: *** [cmTC_d95f5/fast] Błąd 2

File /home/skiline11/Pulpit/Studia/prog_wsp/2017-18/duze2/Zad2/pobrane-pliki/adorators-files-MojeRozwiazanie/ab123456/build/CMakeFiles/CMakeTmp/CheckSymbolExists.c:
/* */
#include <pthread.h>

int main(int argc, char** argv)
{
  (void)argv;
#ifndef pthread_create
  return ((int*)(&pthread_create))[argc];
#else
  (void)argc;
  return 0;
#endif
}

Determining if the function pthread_create exists in the pthreads failed with the following output:
Change Dir: /home/skiline11/Pulpit/Studia/prog_wsp/2017-18/duze2/Zad2/pobrane-pliki/adorators-files-MojeRozwiazanie/ab123456/build/CMakeFiles/CMakeTmp

Run Build Command:"/usr/bin/make" "cmTC_56a74/fast"
/usr/bin/make -f CMakeFiles/cmTC_56a74.dir/build.make CMakeFiles/cmTC_56a74.dir/build
make[1]: Wejście do katalogu '/home/skiline11/Pulpit/Studia/prog_wsp/2017-18/duze2/Zad2/pobrane-pliki/adorators-files-MojeRozwiazanie/ab123456/build/CMakeFiles/CMakeTmp'
Building C object CMakeFiles/cmTC_56a74.dir/CheckFunctionExists.c.o
/usr/bin/cc   -DCHECK_FUNCTION_EXISTS=pthread_create   -o CMakeFiles/cmTC_56a74.dir/CheckFunctionExists.c.o   -c /usr/share/cmake-3.10/Modules/CheckFunctionExists.c
Linking C executable cmTC_56a74
/usr/bin/cmake -E cmake_link_script CMakeFiles/cmTC_56a74.dir/link.txt --verbose=1
/usr/bin/cc  -DCHECK_FUNCTION_EXISTS=pthread_create    -rdynamic CMakeFiles/cmTC_56a74.dir/CheckFunctionExists.c.o  -o cmTC_56a74 -lpthreads 
/usr/bin/ld: cannot find -lpthreads
collect2: error: ld returned 1 exit status
CMakeFiles/cmTC_56a74.dir/build.make:97: polecenia dla obiektu 'cmTC_56a74' nie powiodły się
make[1]: *** [cmTC_56a74] Błąd 1
make[1]: Opuszczenie katalogu '/home/skiline11/Pulpit/Studia/prog_wsp/2017-18/duze2/Zad2/pobrane-pliki/adorators-files-MojeRozwiazanie/ab123456/build/CMakeFiles/CMakeTmp'
Makefile:126: polecenia dla obiektu 'cmTC_56a74/fast' nie powiodły się
make: *** [cmTC_56a74/fast] Błąd 2


